<?xml version="1.0" encoding="UTF-8"?>
<!-- Generated by org.testng.reporters.JUnitXMLReporter -->
<testsuite hostname="SwathiSandy" ignored="0" name="Test" tests="1" failures="1" timestamp="2019-11-22T08:28:13 IST" time="2.11" errors="0">
  <testcase name="LoginApplication" time="2.063" classname="com.qa.tests.HRM_LOGIN">
    <failure type="org.openqa.selenium.SessionNotCreatedException" message="session not created: This version of ChromeDriver only supports Chrome version 76
Build info: version: &amp;apos;3.141.59&amp;apos;, revision: &amp;apos;e82be7d358&amp;apos;, time: &amp;apos;2018-11-14T08:17:03&amp;apos;
System info: host: &amp;apos;SWATHISANDY&amp;apos;, ip: &amp;apos;192.168.43.12&amp;apos;, os.name: &amp;apos;Windows 8.1&amp;apos;, os.arch: &amp;apos;amd64&amp;apos;, os.version: &amp;apos;6.3&amp;apos;, java.version: &amp;apos;1.8.0_231&amp;apos;
Driver info: driver.version: ChromeDriver
remote stacktrace: Backtrace:
	Ordinal0 [0x013F7C53+1473619]
	Ordinal0 [0x0137AD71+961905]
	Ordinal0 [0x013042B3+475827]
	Ordinal0 [0x0129F365+62309]
	Ordinal0 [0x0129BC77+48247]
	Ordinal0 [0x012B9149+168265]
	Ordinal0 [0x012B8D1D+167197]
	Ordinal0 [0x012B742B+160811]
	Ordinal0 [0x012A0AE6+68326]
	Ordinal0 [0x012A1BF0+72688]
	Ordinal0 [0x012A1B89+72585]
	Ordinal0 [0x01394B37+1067831]
	GetHandleVerifier [0x01496845+506677]
	GetHandleVerifier [0x014965E0+506064]
	GetHandleVerifier [0x0149D188+533624]
	GetHandleVerifier [0x0149701A+508682]
	Ordinal0 [0x0138C226+1032742]
	Ordinal0 [0x0138C09F+1032351]
	Ordinal0 [0x01396A4B+1075787]
	Ordinal0 [0x01396BB3+1076147]
	Ordinal0 [0x01395B65+1071973]
	BaseThreadInitThunk [0x75947C04+36]
	RtlInitializeExceptionChain [0x776DAD8F+143]
	RtlInitializeExceptionChain [0x776DAD5A+90]
">
      <![CDATA[org.openqa.selenium.SessionNotCreatedException: session not created: This version of ChromeDriver only supports Chrome version 76
Build info: version: '3.141.59', revision: 'e82be7d358', time: '2018-11-14T08:17:03'
System info: host: 'SWATHISANDY', ip: '192.168.43.12', os.name: 'Windows 8.1', os.arch: 'amd64', os.version: '6.3', java.version: '1.8.0_231'
Driver info: driver.version: ChromeDriver
remote stacktrace: Backtrace:
Ordinal0 [0x013F7C53+1473619]
Ordinal0 [0x0137AD71+961905]
Ordinal0 [0x013042B3+475827]
Ordinal0 [0x0129F365+62309]
Ordinal0 [0x0129BC77+48247]
Ordinal0 [0x012B9149+168265]
Ordinal0 [0x012B8D1D+167197]
Ordinal0 [0x012B742B+160811]
Ordinal0 [0x012A0AE6+68326]
Ordinal0 [0x012A1BF0+72688]
Ordinal0 [0x012A1B89+72585]
Ordinal0 [0x01394B37+1067831]
GetHandleVerifier [0x01496845+506677]
GetHandleVerifier [0x014965E0+506064]
GetHandleVerifier [0x0149D188+533624]
GetHandleVerifier [0x0149701A+508682]
Ordinal0 [0x0138C226+1032742]
Ordinal0 [0x0138C09F+1032351]
Ordinal0 [0x01396A4B+1075787]
Ordinal0 [0x01396BB3+1076147]
Ordinal0 [0x01395B65+1071973]
BaseThreadInitThunk [0x75947C04+36]
RtlInitializeExceptionChain [0x776DAD8F+143]
RtlInitializeExceptionChain [0x776DAD5A+90]

at org.openqa.selenium.remote.W3CHandshakeResponse.lambda$errorHandler$0(W3CHandshakeResponse.java:62)
at org.openqa.selenium.remote.HandshakeResponse.lambda$getResponseFunction$0(HandshakeResponse.java:30)
at org.openqa.selenium.remote.ProtocolHandshake.lambda$createSession$0(ProtocolHandshake.java:126)
at java.util.stream.ReferencePipeline$3$1.accept(Unknown Source)
at java.util.Spliterators$ArraySpliterator.tryAdvance(Unknown Source)
at java.util.stream.ReferencePipeline.forEachWithCancel(Unknown Source)
at java.util.stream.AbstractPipeline.copyIntoWithCancel(Unknown Source)
at java.util.stream.AbstractPipeline.copyInto(Unknown Source)
at java.util.stream.AbstractPipeline.wrapAndCopyInto(Unknown Source)
at java.util.stream.FindOps$FindOp.evaluateSequential(Unknown Source)
at java.util.stream.AbstractPipeline.evaluate(Unknown Source)
at java.util.stream.ReferencePipeline.findFirst(Unknown Source)
at org.openqa.selenium.remote.ProtocolHandshake.createSession(ProtocolHandshake.java:128)
at org.openqa.selenium.remote.ProtocolHandshake.createSession(ProtocolHandshake.java:74)
at org.openqa.selenium.remote.HttpCommandExecutor.execute(HttpCommandExecutor.java:136)
at org.openqa.selenium.remote.service.DriverCommandExecutor.execute(DriverCommandExecutor.java:83)
at org.openqa.selenium.remote.RemoteWebDriver.execute(RemoteWebDriver.java:552)
at org.openqa.selenium.remote.RemoteWebDriver.startSession(RemoteWebDriver.java:213)
at org.openqa.selenium.remote.RemoteWebDriver.<init>(RemoteWebDriver.java:131)
at org.openqa.selenium.chrome.ChromeDriver.<init>(ChromeDriver.java:181)
at org.openqa.selenium.chrome.ChromeDriver.<init>(ChromeDriver.java:168)
at org.openqa.selenium.chrome.ChromeDriver.<init>(ChromeDriver.java:123)
at com.qa.tests.HRM_LOGIN.LoginApplication(HRM_LOGIN.java:12)
at java.util.ArrayList.forEach(Unknown Source)
... Removed 31 stack frames]]>
    </failure>
  </testcase> <!-- LoginApplication -->
</testsuite> <!-- Test -->
